<?xml version="1.0" encoding="UTF-8"?>
<!-- Generated by org.testng.reporters.JUnitXMLReporter -->
<testsuite ignored="0" hostname="EC2AMAZ-DLOHON5" failures="0" tests="1" name="Test for Single Task Creation, deletion and update" time="4.221" errors="0" timestamp="2021-07-06T06:34:56 UTC">
  <testcase classname="com.ContractTesting.ConversionService.CurrencyConversionServiceApplicationTestsEndPoint" name="given_WhenConvertingFromUSDtoINR_ThenReturn" time="2.302"/>
</testsuite> <!-- Test for Single Task Creation, deletion and update -->
